<?xml version="1.0" encoding="UTF-8"?>
<testng-results ignored="0" total="1" passed="1" failed="0" skipped="0">
  <reporter-output>
  </reporter-output>
  <suite started-at="2021-07-24T11:18:54 PDT" name="iNetBanking" finished-at="2021-07-24T11:19:17 PDT" duration-ms="23389">
    <groups>
    </groups>
    <test started-at="2021-07-24T11:18:54 PDT" name="eBanking Chrome App test" finished-at="2021-07-24T11:19:17 PDT" duration-ms="23389">
      <class name="com.inetBanking.testcases.TC_AddNewCustomer_TC003">
        <test-method is-config="true" signature="setUp(java.lang.String)[pri:0, instance:com.inetBanking.testcases.TC_AddNewCustomer_TC003@436a4e4b]" started-at="2021-07-24T11:18:54 PDT" name="setUp" finished-at="2021-07-24T11:18:59 PDT" duration-ms="4977" status="PASS">
          <params>
            <param index="0">
              <value>
                <![CDATA[chrome]]>
              </value>
            </param>
          </params>
          <reporter-output>
          </reporter-output>
        </test-method> <!-- setUp -->
        <test-method signature="addNewCustomer()[pri:0, instance:com.inetBanking.testcases.TC_AddNewCustomer_TC003@436a4e4b]" started-at="2021-07-24T11:18:59 PDT" name="addNewCustomer" finished-at="2021-07-24T11:19:14 PDT" duration-ms="15012" status="PASS">
          <reporter-output>
          </reporter-output>
        </test-method> <!-- addNewCustomer -->
        <test-method is-config="true" signature="tearDown()[pri:0, instance:com.inetBanking.testcases.TC_AddNewCustomer_TC003@436a4e4b]" started-at="2021-07-24T11:19:14 PDT" name="tearDown" finished-at="2021-07-24T11:19:17 PDT" duration-ms="3073" status="PASS">
          <reporter-output>
          </reporter-output>
        </test-method> <!-- tearDown -->
      </class> <!-- com.inetBanking.testcases.TC_AddNewCustomer_TC003 -->
    </test> <!-- eBanking Chrome App test -->
  </suite> <!-- iNetBanking -->
</testng-results>
